-------------------------------------------------------------------------------
Test set: com.mycompany.mavenproject2.VideoGameRentalTest
-------------------------------------------------------------------------------
Tests run: 4, Failures: 4, Errors: 0, Skipped: 0, Time elapsed: 0.004 sec <<< FAILURE!
com.mycompany.mavenproject2.VideoGameRentalTest.testGetVideoGame()  Time elapsed: 0.003 sec  <<< FAILURE!
java.lang.NullPointerException
	at com.mycompany.mavenproject2.VideoGameRentalTest.testGetVideoGame(VideoGameRentalTest.java:62)

com.mycompany.mavenproject2.VideoGameRentalTest.testGetCharge()  Time elapsed: 0 sec  <<< FAILURE!
java.lang.NullPointerException
	at com.mycompany.mavenproject2.VideoGameRentalTest.testGetCharge(VideoGameRentalTest.java:76)

com.mycompany.mavenproject2.VideoGameRentalTest.testGetDaysRented()  Time elapsed: 0 sec  <<< FAILURE!
java.lang.NullPointerException
	at com.mycompany.mavenproject2.VideoGameRentalTest.testGetDaysRented(VideoGameRentalTest.java:48)

com.mycompany.mavenproject2.VideoGameRentalTest.testGetFrequentRenterPoints()  Time elapsed: 0 sec  <<< FAILURE!
java.lang.NullPointerException
	at com.mycompany.mavenproject2.VideoGameRentalTest.testGetFrequentRenterPoints(VideoGameRentalTest.java:90)

