-------------------------------------------------------------------------------
Test set: com.mycompany.mavenproject2.MovieTest
-------------------------------------------------------------------------------
Tests run: 1, Failures: 1, Errors: 0, Skipped: 0, Time elapsed: 0.002 sec <<< FAILURE!
com.mycompany.mavenproject2.MovieTest.testGetPriceCode()  Time elapsed: 0.002 sec  <<< FAILURE!
java.lang.NullPointerException
	at com.mycompany.mavenproject2.MovieTest.testGetPriceCode(MovieTest.java:51)

