<?xml version="1.0" encoding="UTF-8" ?>
<testsuite tests="4" failures="4" name="com.mycompany.mavenproject2.VideoGameRentalTest" time="0.003" errors="0" skipped="0">
  <properties>
[...]
</properties>
  <testcase classname="com.mycompany.mavenproject2.VideoGameRentalTest" name="com.mycompany.mavenproject2.VideoGameRentalTest.testGetVideoGame" time="0.003">
    <failure type="java.lang.NullPointerException">java.lang.NullPointerException
	at com.mycompany.mavenproject2.VideoGameRentalTest.testGetVideoGame(VideoGameRentalTest.java:62)
</failure>
    <system-out>getVideoGame
</system-out>
  </testcase>
  <testcase classname="com.mycompany.mavenproject2.VideoGameRentalTest" name="com.mycompany.mavenproject2.VideoGameRentalTest.testGetCharge" time="0">
    <failure type="java.lang.NullPointerException">java.lang.NullPointerException
	at com.mycompany.mavenproject2.VideoGameRentalTest.testGetCharge(VideoGameRentalTest.java:76)
</failure>
    <system-out>getCharge
</system-out>
  </testcase>
  <testcase classname="com.mycompany.mavenproject2.VideoGameRentalTest" name="com.mycompany.mavenproject2.VideoGameRentalTest.testGetDaysRented" time="0">
    <failure type="java.lang.NullPointerException">java.lang.NullPointerException
	at com.mycompany.mavenproject2.VideoGameRentalTest.testGetDaysRented(VideoGameRentalTest.java:48)
</failure>
    <system-out>getDaysRented
</system-out>
  </testcase>
  <testcase classname="com.mycompany.mavenproject2.VideoGameRentalTest" name="com.mycompany.mavenproject2.VideoGameRentalTest.testGetFrequentRenterPoints" time="0">
    <failure type="java.lang.NullPointerException">java.lang.NullPointerException
	at com.mycompany.mavenproject2.VideoGameRentalTest.testGetFrequentRenterPoints(VideoGameRentalTest.java:90)
</failure>
    <system-out>getFrequentRenterPoints
</system-out>
  </testcase>
</testsuite>